  Source.cpp
C:\Users\Maxim\Desktop\Project Типо игра\Project\Project\Source.cpp(30,47): warning C4244: =: преобразование "sf::Int64" в "float", возможна потеря данных
C:\Users\Maxim\Desktop\Project Типо игра\Project\Project\Source.cpp(72,27): warning C4244: =: преобразование "T" в "T", возможна потеря данных
          with
          [
              T=unsigned int
          ]
          and
          [
              T=float
          ]
C:\Users\Maxim\Desktop\Project Типо игра\Project\Project\Source.cpp(73,27): warning C4244: =: преобразование "T" в "T", возможна потеря данных
          with
          [
              T=unsigned int
          ]
          and
          [
              T=float
          ]
C:\Users\Maxim\Desktop\Project Типо игра\Project\Project\Source.cpp(84,25): warning C4244: +=: преобразование "double" в "float", возможна потеря данных
C:\Users\Maxim\Desktop\Project Типо игра\Project\Project\Source.cpp(129,24): warning C4244: =: преобразование "int" в "float", возможна потеря данных
C:\Users\Maxim\Desktop\Project Типо игра\Project\Project\Source.cpp(131,25): warning C4244: =: преобразование "int" в "float", возможна потеря данных
C:\Users\Maxim\Desktop\Project Типо игра\Project\Project\Source.cpp(132,31): warning C4244: =: преобразование "int" в "T", возможна потеря данных
          with
          [
              T=float
          ]
C:\Users\Maxim\Desktop\Project Типо игра\Project\Project\Source.cpp(133,32): warning C4244: =: преобразование "int" в "T", возможна потеря данных
          with
          [
              T=float
          ]
C:\Users\Maxim\Desktop\Project Типо игра\Project\Project\Source.cpp(137,27): warning C4244: =: преобразование "T" в "T", возможна потеря данных
          with
          [
              T=unsigned int
          ]
          and
          [
              T=float
          ]
C:\Users\Maxim\Desktop\Project Типо игра\Project\Project\Source.cpp(138,27): warning C4244: =: преобразование "T" в "T", возможна потеря данных
          with
          [
              T=unsigned int
          ]
          and
          [
              T=float
          ]
C:\Users\Maxim\Desktop\Project Типо игра\Project\Project\Source.cpp(173,31): warning C4244: =: преобразование "int" в "T", возможна потеря данных
          with
          [
              T=float
          ]
C:\Users\Maxim\Desktop\Project Типо игра\Project\Project\Source.cpp(174,32): warning C4244: =: преобразование "int" в "T", возможна потеря данных
          with
          [
              T=float
          ]
C:\Users\Maxim\Desktop\Project Типо игра\Project\Project\Source.cpp(180,27): warning C4244: =: преобразование "T" в "T", возможна потеря данных
          with
          [
              T=unsigned int
          ]
          and
          [
              T=float
          ]
C:\Users\Maxim\Desktop\Project Типо игра\Project\Project\Source.cpp(181,27): warning C4244: =: преобразование "T" в "T", возможна потеря данных
          with
          [
              T=unsigned int
          ]
          and
          [
              T=float
          ]
C:\Users\Maxim\Desktop\Project Типо игра\Project\Project\Source.cpp(195,22): warning C4244: =: преобразование "int" в "T", возможна потеря данных
          with
          [
              T=float
          ]
C:\Users\Maxim\Desktop\Project Типо игра\Project\Project\Source.cpp(196,23): warning C4244: =: преобразование "int" в "float", возможна потеря данных
C:\Users\Maxim\Desktop\Project Типо игра\Project\Project\Source.cpp(199,23): warning C4244: =: преобразование "int" в "float", возможна потеря данных
C:\Users\Maxim\Desktop\Project Типо игра\Project\Project\Source.cpp(201,25): warning C4244: =: преобразование "int" в "float", возможна потеря данных
C:\Users\Maxim\Desktop\Project Типо игра\Project\Project\Source.cpp(204,29): warning C4244: =: преобразование "int" в "T", возможна потеря данных
          with
          [
              T=float
          ]
C:\Users\Maxim\Desktop\Project Типо игра\Project\Project\Source.cpp(218,33): warning C4244: =: преобразование "int" в "T", возможна потеря данных
          with
          [
              T=float
          ]
C:\Users\Maxim\Desktop\Project Типо игра\Project\Project\Source.cpp(232,12): warning C4244: аргумент: преобразование "time_t" в "unsigned int", возможна потеря данных
C:\Users\Maxim\Desktop\Project Типо игра\Project\Project\Source.cpp(256,41): warning C4244: аргумент: преобразование "int" в "T", возможна потеря данных
          with
          [
              T=float
          ]
C:\Users\Maxim\Desktop\Project Типо игра\Project\Project\Source.cpp(256,34): warning C4244: аргумент: преобразование "int" в "T", возможна потеря данных
          with
          [
              T=float
          ]
  Project.vcxproj -> C:\Users\Maxim\Desktop\Project Типо игра\Project\x64\Debug\Project.exe
